[07:29:26] DEBUG ONLINE
[07:47:50] DEBUG ONLINE
[07:58:01] DEBUG ONLINE
[07:58:25] DEBUG OFFLINE
[07:58:36] DEBUG ONLINE
[08:05:02] DEBUG ONLINE
[08:06:15] DEBUG ONLINE
[08:09:52] DEBUG ONLINE
[13:25:58] CTV-1 ONLINE
[13:25:58] CTV-2 ONLINE
[13:25:58] CTV-3 ONLINE
[13:25:58] CTV-4 ONLINE
[13:25:58] Giao Hang ONLINE
[13:26:14] CMD s01tesst
[13:26:16] Giao Hang START tesst
[13:26:22] CMD s02test
[13:26:24] CTV-4 START test
[13:26:28] CMD s01stop
[13:26:28] Giao Hang REC STOP tesst
[13:26:28] CTV-1 OFFLINE
[13:26:28] CTV-2 OFFLINE
[13:26:28] CTV-3 OFFLINE
[13:26:28] CTV-4 OFFLINE
[13:26:28] Giao Hang OFFLINE
[13:26:33] CTV-1 ONLINE
[13:26:33] CTV-2 ONLINE
[13:26:33] CTV-3 ONLINE
[13:26:33] CTV-4 ONLINE
[13:26:33] Giao Hang ONLINE
[13:26:40] CMD s02stop
[13:26:40] CTV-4 REC STOP test
[13:27:05] CMD s01ghitiep
[13:27:06] Giao Hang START ghitiep
[13:27:12] CMD s01shitoe
[13:27:12] Giao Hang STOP ghitiep
[13:27:12] Giao Hang START shitoe
[13:27:23] CMD s01emp:dđ
[13:27:23] Giao Hang REC STOP shitoe
[13:27:25] Giao Hang START shitoe
[13:27:42] CMD s01emp:nv001
[13:27:42] Giao Hang REC STOP shitoe
[13:27:44] Giao Hang START shitoe
[13:28:03] CMD s01stop
[13:28:03] Giao Hang REC STOP shitoe
[13:32:22] CTV-1 ONLINE
[13:32:22] CTV-2 ONLINE
[13:32:22] CTV-3 ONLINE
[13:32:22] CTV-4 ONLINE
[13:32:22] Giao Hang ONLINE
[13:33:56] CTV-1 ONLINE
[13:33:56] CTV-2 ONLINE
[13:33:56] CTV-3 ONLINE
[13:33:56] CTV-4 ONLINE
[13:33:56] Giao Hang ONLINE
[13:38:36] Preview CTV-1
[13:43:33] CTV-1 ONLINE
[13:43:33] CTV-2 ONLINE
[13:43:33] CTV-3 ONLINE
[13:43:33] CTV-4 ONLINE
[13:43:33] Giao Hang ONLINE
[13:44:16] CMD s1test4cm
[13:44:23] CMD s01test4cam
[13:44:24] Giao Hang START test4cam
[13:44:52] Giao Hang REC STOP test4cam
[13:45:01] CTV-1 ONLINE
[13:45:01] CTV-2 ONLINE
[13:45:01] CTV-3 ONLINE
[13:45:01] CTV-4 ONLINE
[13:45:01] Giao Hang ONLINE
[13:58:27] CTV-1 ONLINE
[13:58:27] CTV-2 ONLINE
[13:58:27] CTV-3 ONLINE
[13:58:27] CTV-4 ONLINE
[13:58:27] Giao Hang ONLINE
[14:14:27] CTV-1 OFFLINE
[14:14:27] CTV-2 OFFLINE
[14:14:27] CTV-3 OFFLINE
[14:14:27] CTV-4 OFFLINE
[14:14:27] Giao Hang OFFLINE
[14:14:32] CTV-1 ONLINE
[14:14:32] CTV-2 ONLINE
[14:14:32] CTV-3 ONLINE
[14:14:32] CTV-4 ONLINE
[14:14:32] Giao Hang ONLINE
[14:25:35] CTV-1 ONLINE
[14:25:35] CTV-2 ONLINE
[14:25:35] CTV-3 ONLINE
[14:25:35] CTV-4 ONLINE
[14:25:35] Giao Hang ONLINE
[15:47:06] CTV-1 ONLINE
[15:47:06] CTV-2 ONLINE
[15:47:06] CTV-3 ONLINE
[15:47:06] CTV-4 ONLINE
[15:47:06] Giao Hang ONLINE
[16:00:33] CTV-1 ONLINE
[16:00:33] CTV-2 ONLINE
[16:00:33] CTV-3 ONLINE
[16:00:33] CTV-4 ONLINE
[16:00:33] Giao Hang ONLINE
[16:01:32] Preview CTV-1
[16:01:46] CMD s01tesst
[16:01:48] Giao Hang START tesst
[16:01:53] CMD s01stop
[16:01:53] Giao Hang REC STOP tesst
[16:50:43] CTV-1 ONLINE
[16:50:43] CTV-2 ONLINE
[16:50:43] CTV-3 ONLINE
[16:50:43] CTV-4 ONLINE
[16:50:43] Giao Hang ONLINE
[16:50:57] CTV-1 ONLINE
[16:50:57] CTV-2 ONLINE
[16:50:57] CTV-3 ONLINE
[16:50:57] CTV-4 ONLINE
[16:50:57] Giao Hang ONLINE
[16:54:34] CTV-1 ONLINE
[16:54:34] CTV-2 ONLINE
[16:54:34] CTV-3 ONLINE
[16:54:34] CTV-4 ONLINE
[16:54:34] Giao Hang ONLINE
[16:55:59] CTV-1 ONLINE
[16:55:59] CTV-2 ONLINE
[16:55:59] CTV-3 ONLINE
[16:55:59] CTV-4 ONLINE
[16:55:59] Giao Hang ONLINE
[16:56:29] CTV-1 ONLINE
[16:56:29] CTV-2 ONLINE
[16:56:29] CTV-3 ONLINE
[16:56:55] CTV-1 OFFLINE
[16:56:59] CTV-1 ONLINE
[16:57:44] CTV-4 ONLINE
[16:58:25] CTV-3 OFFLINE
[16:58:29] CTV-3 ONLINE
[16:58:55] CTV-1 OFFLINE
[16:58:59] CTV-1 ONLINE
[17:00:05] CTV-1 ONLINE
[17:00:05] CTV-2 ONLINE
[17:00:05] CTV-3 ONLINE
[17:00:05] CTV-4 ONLINE
[17:01:03] CTV-1 ONLINE
[17:01:03] CTV-2 ONLINE
[17:01:03] CTV-3 ONLINE
[17:01:03] CTV-4 ONLINE
[17:02:50] CTV-1 ONLINE
[17:02:50] CTV-2 ONLINE
[17:02:50] CTV-3 ONLINE
[17:02:50] CTV-4 ONLINE
[17:03:57] CTV-1 ONLINE
[17:03:57] CTV-2 ONLINE
[17:03:57] CTV-3 ONLINE
[17:03:57] CTV-4 ONLINE
[17:06:12] CTV-1 ONLINE
[17:06:12] CTV-2 ONLINE
[17:06:12] CTV-3 ONLINE
[17:06:12] CTV-4 ONLINE
[17:06:51] CTV-1 ONLINE
[17:06:51] CTV-2 ONLINE
[17:06:51] CTV-3 ONLINE
[17:06:51] CTV-4 ONLINE
[17:07:19] CTV-1 ONLINE
[17:07:19] CTV-2 ONLINE
[17:07:19] CTV-3 ONLINE
[17:07:19] CTV-4 ONLINE
[17:09:07] CTV-1 ONLINE
[17:09:07] CTV-2 ONLINE
[17:09:07] CTV-3 ONLINE
[17:09:07] CTV-4 ONLINE
[17:11:01] CTV-1 ONLINE
[17:11:01] CTV-2 ONLINE
[17:11:01] CTV-3 ONLINE
[17:11:01] CTV-4 ONLINE
[17:13:20] CTV-1 ONLINE
[17:13:20] CTV-2 ONLINE
[17:13:20] CTV-3 ONLINE
[17:13:20] CTV-4 ONLINE
[17:14:20] CTV-1 ONLINE
[17:14:20] CTV-2 ONLINE
[17:14:20] CTV-3 ONLINE
[17:14:20] CTV-4 ONLINE
[17:15:30] CTV-1 ONLINE
[17:15:30] CTV-2 ONLINE
[17:15:30] CTV-3 ONLINE
[17:15:30] CTV-4 ONLINE
[17:18:21] CTV-1 ONLINE
[17:18:21] CTV-2 ONLINE
[17:18:21] CTV-3 ONLINE
[17:18:21] CTV-4 ONLINE
[17:19:49] CTV-1 ONLINE
[17:19:49] CTV-2 ONLINE
[17:19:49] CTV-3 ONLINE
[17:19:49] CTV-4 ONLINE
[17:20:47] CTV-1 ONLINE
[17:20:47] CTV-2 ONLINE
[17:20:47] CTV-3 ONLINE
[17:20:47] CTV-4 ONLINE
[17:20:50] Preview CTV-1
[17:22:37] CTV-1 OFFLINE
[17:22:37] CTV-2 OFFLINE
[17:22:37] CTV-3 OFFLINE
[17:22:37] CTV-4 OFFLINE
[17:22:42] CTV-1 ONLINE
[17:22:42] CTV-2 ONLINE
[17:22:42] CTV-3 ONLINE
[17:22:42] CTV-4 ONLINE
[17:24:13] CTV-1 ONLINE
[17:24:13] CTV-2 ONLINE
[17:24:13] CTV-3 ONLINE
[17:24:13] CTV-4 ONLINE
[17:24:26] Preview crv
[17:26:25] CTV-1 ONLINE
[17:26:25] CTV-2 ONLINE
[17:26:25] CTV-3 ONLINE
[17:26:25] CTV-4 ONLINE
[17:29:05] CTV-1 ONLINE
[17:29:05] CTV-2 ONLINE
[17:29:05] CTV-3 ONLINE
[17:29:05] CTV-4 ONLINE
[17:31:11] CTV-1 OFFLINE
[17:31:15] CTV-1 ONLINE
[17:32:30] CTV-1 ONLINE
[17:32:30] CTV-2 ONLINE
[17:32:30] CTV-3 ONLINE
[17:32:30] CTV-4 ONLINE
[17:37:22] CTV-1 ONLINE
[17:37:22] CTV-2 ONLINE
[17:37:22] CTV-3 ONLINE
[17:37:22] CTV-4 ONLINE
[17:42:54] CTV-1 ONLINE
[17:42:54] CTV-2 ONLINE
[17:42:54] CTV-3 ONLINE
[17:42:54] CTV-4 ONLINE
[17:44:55] CTV-1 ONLINE
[17:44:55] CTV-2 ONLINE
[17:44:55] CTV-3 ONLINE
[17:44:55] CTV-4 ONLINE
[17:44:55] SI-1 ONLINE
[17:44:55] Si-2 ONLINE
[17:44:55] Si-3 ONLINE
[17:44:55] Si-4 ONLINE
[17:44:55] SI-5 ONLINE
[17:44:55] Giao Hang ONLINE
[17:45:19] CMD s05dadada
[17:47:59] Manual stop CAM-5
[17:47:59] Manual stop CAM-5
[17:53:22] CTV-1 ONLINE
[17:53:22] CTV-2 ONLINE
[17:53:22] CTV-3 ONLINE
[17:53:22] CTV-4 ONLINE
[17:53:22] SI-1 ONLINE
[17:53:22] Si-2 ONLINE
[17:53:22] Si-3 ONLINE
[17:53:22] Si-4 ONLINE
[17:53:22] SI-5 ONLINE
[17:53:22] Giao Hang ONLINE
[17:53:31] CMD s05tesst
[17:58:52] CTV-1 OFFLINE
[17:58:52] CTV-2 OFFLINE
[17:58:52] CTV-3 OFFLINE
[17:58:52] CTV-4 OFFLINE
[17:58:52] SI-1 OFFLINE
[17:58:52] Si-2 OFFLINE
[17:58:52] Si-3 OFFLINE
[17:58:52] Si-4 OFFLINE
[17:58:52] SI-5 OFFLINE
[17:58:52] Giao Hang OFFLINE
[17:58:57] CTV-1 ONLINE
[17:58:57] CTV-2 ONLINE
[17:58:57] CTV-3 ONLINE
[17:58:57] CTV-4 ONLINE
[17:58:57] SI-1 ONLINE
[17:58:57] Si-2 ONLINE
[17:58:57] Si-3 ONLINE
[17:58:57] Si-4 ONLINE
[17:58:57] SI-5 ONLINE
[17:58:57] Giao Hang ONLINE
[18:03:20] CTV-1 ONLINE
[18:03:20] CTV-2 ONLINE
[18:03:20] CTV-3 ONLINE
[18:03:20] CTV-4 ONLINE
[18:03:20] SI-1 ONLINE
[18:03:20] Si-2 ONLINE
[18:03:20] Si-3 ONLINE
[18:03:20] Si-4 ONLINE
[18:03:20] SI-5 ONLINE
[18:03:20] Giao Hang ONLINE
[18:03:28] CMD ERROR name 'QApplication' is not defined
[18:03:36] CMD ERROR name 'QApplication' is not defined
[18:05:42] CTV-1 ONLINE
[18:05:42] CTV-2 ONLINE
[18:05:42] CTV-3 ONLINE
[18:05:42] CTV-4 ONLINE
[18:05:42] SI-1 ONLINE
[18:05:42] Si-2 ONLINE
[18:05:42] Si-3 ONLINE
[18:05:42] Si-4 ONLINE
[18:05:42] SI-5 ONLINE
[18:05:42] Giao Hang ONLINE
[18:05:47] CMD ERROR module 'services.record_engine' has no attribute 'workers'
[18:06:12] CTV-1 OFFLINE
[18:06:12] CTV-2 OFFLINE
[18:06:12] CTV-3 OFFLINE
[18:06:12] CTV-4 OFFLINE
[18:13:21] SI-1 ONLINE
[18:13:21] Si-2 ONLINE
[18:13:21] Si-3 ONLINE
[18:13:21] Si-4 ONLINE
[18:13:21] SI-5 ONLINE
[18:13:21] Giao Hang ONLINE
[18:13:33] CMD s05dada
[18:13:44] CMD s01dasda
[18:15:50] Preview DEBUG-1
[18:16:33] Preview DEBUG-1
[18:17:41] SI-1 OFFLINE
[18:17:41] Si-2 OFFLINE
[18:17:41] Si-3 OFFLINE
[18:17:41] Si-4 OFFLINE
[18:17:41] SI-5 OFFLINE
[18:17:41] Giao Hang OFFLINE
[18:18:21] DEBUG-1 ONLINE
[18:18:38] CMD S01TEST
[18:18:56] DEBUG-1 ONLINE
[18:18:56] SI-1 ONLINE
[18:18:56] Si-2 ONLINE
[18:18:56] Si-3 ONLINE
[18:18:56] Si-4 ONLINE
[18:18:56] SI-5 ONLINE
[18:18:56] Giao Hang ONLINE
[18:18:57] Preview DEBUG-1
[18:19:11] CMD S01TESST
[18:19:13] DEBUG-1 START tesst
[18:19:18] Preview Si-2
[18:19:32] CMD S06TEST
[18:19:33] Si-2 START test
[18:19:50] CMD S05TEST
[18:19:52] Si-2 REC FAIL test
[18:20:00] CMD S07TEST
[18:20:02] Si-3 START test
[18:20:57] Manual stop CAM-7
[18:20:57] Si-3 REC STOP test
[18:21:00] Manual stop CAM-1
[18:21:00] DEBUG-1 REC STOP tesst
[18:23:02] DEBUG-1 ONLINE
[18:23:02] SI-1 ONLINE
[18:23:02] Si-2 ONLINE
[18:23:02] Si-3 ONLINE
[18:23:02] Si-4 ONLINE
[18:23:02] SI-5 ONLINE
[18:23:02] Giao Hang ONLINE
[18:23:12] CMD S01TESST
[18:23:14] DEBUG-1 START tesst
[18:23:16] CMD S07TESST
[18:23:17] Si-3 START tesst
[18:23:34] CMD S07STOP
[18:23:34] Si-3 REC STOP tesst
[18:23:44] CMD S07TESTTLAN2
[18:23:45] Si-3 START testtlan2
[18:24:11] CMD S07STOP
[18:24:11] Si-3 REC STOP testtlan2
[18:28:01] DEBUG-1 REC STOP tesst
[18:28:26] DEBUG-1 ONLINE
[18:28:26] SI-1 ONLINE
[18:28:26] Si-2 ONLINE
[18:28:26] Si-3 ONLINE
[18:28:26] Si-4 ONLINE
[18:28:26] SI-5 ONLINE
[18:28:26] Giao Hang ONLINE
[18:28:33] CMD S01TESSTT-1
[18:28:35] DEBUG-1 START tesstt-1
[18:28:38] CMD S07TESS-3
[18:28:40] Si-3 START tess-3
[18:29:51] Si-3 REC STOP tess-3
[18:29:51] DEBUG-1 REC STOP tesstt-1
[18:33:16] DEBUG-1 ONLINE
[18:33:16] SI-1 ONLINE
[18:33:16] Si-2 ONLINE
[18:33:16] Si-3 ONLINE
[18:33:16] Si-4 ONLINE
[18:33:16] SI-5 ONLINE
[18:33:16] Giao Hang ONLINE
[18:35:28] Preview Si-4
[18:35:36] CMD S8TESST
[18:35:42] CMD S9TEST
[18:35:49] CMD S08TEST
[18:35:50] Si-4 START test
[18:35:58] CMD S09TEST
[18:36:42] Preview SI-1
[18:36:54] CMD S04TESA
[18:37:02] CMD S01TEST
[18:37:04] DEBUG-1 START test
[18:37:07] CMD S04TEST
[18:37:07] Si-3 OFFLINE
[18:37:07] Si-4 OFFLINE
[18:37:11] Si-3 ONLINE
[18:37:11] Si-4 ONLINE
[18:40:47] Si-4 REC FAIL test
[18:41:46] SI-1 OFFLINE
[18:41:46] Si-2 OFFLINE
[18:41:46] Si-3 OFFLINE
[18:41:46] Si-4 OFFLINE
[18:41:46] SI-5 OFFLINE
[18:41:46] Giao Hang OFFLINE
[18:42:01] SI-1 ONLINE
[18:42:01] Si-2 ONLINE
[18:42:01] Si-3 ONLINE
[18:42:01] Si-4 ONLINE
[18:42:01] SI-5 ONLINE
[18:42:01] Giao Hang ONLINE
[18:44:45] Manual stop CAM-1
[18:44:45] DEBUG-1 REC STOP test
[18:45:45] DEBUG-1 ONLINE
[18:45:45] SI-1 ONLINE
[18:45:45] Si-2 ONLINE
[18:45:45] Si-3 ONLINE
[18:45:45] Si-4 ONLINE
[18:45:45] SI-5 ONLINE
[18:45:45] Giao Hang ONLINE
[18:45:51] CMD s01tesst
[18:45:55] DEBUG-1 START tesst
[18:45:57] CMD s04tesst
[18:46:05] CMD s05tesst
[18:46:10] CMD s06tesst
[18:46:11] Si-2 START tesst
[18:46:15] CMD s07tesst
[18:46:17] Si-3 START tesst
[18:46:19] CMD s08tessst
[18:46:21] Si-4 START tessst
[18:46:23] CMD s09terrsr
[18:46:27] DEBUG-1 OFFLINE
[18:46:27] SI-1 OFFLINE
[18:46:27] Si-2 OFFLINE
[18:46:27] Si-3 OFFLINE
[18:46:27] Si-4 OFFLINE
[18:46:27] SI-5 OFFLINE
[18:46:27] Giao Hang OFFLINE
[18:46:28] CMD s10tersfsf
[18:46:32] Si-2 REC FAIL tesst
[18:46:36] DEBUG-1 ONLINE
[18:46:36] SI-1 ONLINE
[18:46:36] Si-2 ONLINE
[18:46:36] Si-3 ONLINE
[18:46:36] Si-4 ONLINE
[18:46:36] SI-5 ONLINE
[18:46:36] Giao Hang ONLINE
[18:47:08] Preview DEBUG-1
[18:47:09] Preview DEBUG-1
[18:47:12] Manual stop CAM-1
[18:47:12] DEBUG-1 REC STOP tesst
[18:47:14] Manual stop CAM-8
[18:47:14] Si-4 REC STOP tessst
[18:47:14] Manual stop CAM-7
[18:47:15] Si-3 REC STOP tesst
2026-05-07 19:02:44 | DEBUG-1 ONLINE
2026-05-07 19:02:44 | SI-1 ONLINE
2026-05-07 19:02:44 | Si-2 ONLINE
2026-05-07 19:02:44 | Si-3 ONLINE
2026-05-07 19:02:44 | Si-4 ONLINE
2026-05-07 19:02:44 | SI-5 ONLINE
2026-05-07 19:02:44 | Giao Hang ONLINE
2026-05-07 19:04:34 | DEBUG-1 ONLINE
2026-05-07 19:04:34 | SI-1 ONLINE
2026-05-07 19:04:34 | Si-2 ONLINE
2026-05-07 19:04:34 | Si-3 ONLINE
2026-05-07 19:04:34 | Si-4 ONLINE
2026-05-07 19:04:34 | SI-5 ONLINE
2026-05-07 19:04:34 | Giao Hang ONLINE
2026-05-07 19:05:08 | DEBUG-1 ONLINE
2026-05-07 19:05:44 | DEBUG-1 ONLINE
2026-05-07 19:06:04 | Preview DEBUG-1
2026-05-07 19:06:16 | CMD s01teastst
2026-05-07 19:06:17 | DEBUG-1 START teastst
2026-05-07 19:06:46 | Manual stop CAM-1
2026-05-07 19:06:47 | DEBUG-1 REC STOP teastst
2026-05-07 19:09:18 | Si-1 ONLINE
2026-05-07 19:10:08 | Si-2 ONLINE
2026-05-07 19:11:53 | Si-3 ONLINE
2026-05-07 19:12:17 | CMD s01t111
2026-05-07 19:12:19 | DEBUG-1 START t111
2026-05-07 19:12:21 | CMD s02tssss
2026-05-07 19:12:27 | CMD s03dsdada
2026-05-07 19:12:31 | CMD s04tssdasd
2026-05-07 19:12:34 | CMD s05dasd
2026-05-07 19:13:05 | DEBUG-1 REC STOP t111
2026-05-07 19:13:15 | DEBUG-1 ONLINE
2026-05-07 19:13:15 | Si-1 ONLINE
2026-05-07 19:13:15 | Si-2 ONLINE
2026-05-07 19:13:15 | Si-3 ONLINE
2026-05-07 19:13:29 | CMD s01trsd
2026-05-07 19:13:31 | DEBUG-1 START trsd
2026-05-07 19:13:32 | CMD s02dasdas
2026-05-07 19:13:34 | Si-1 START dasdas
2026-05-07 19:13:35 | CMD s03dasdas
2026-05-07 19:13:38 | Si-2 START dasdas
2026-05-07 19:13:38 | CMD s04dasdas
2026-05-07 19:13:40 | Si-3 START dasdas
2026-05-07 19:13:49 | CMD s01stop
2026-05-07 19:13:49 | DEBUG-1 REC STOP trsd
2026-05-07 19:13:52 | CMD s02stop
2026-05-07 19:13:52 | Si-1 REC STOP dasdas
2026-05-07 19:13:56 | CMD s03stop
2026-05-07 19:13:56 | Si-2 REC STOP dasdas
2026-05-07 19:14:01 | CMD s04stop
2026-05-07 19:14:01 | Si-3 REC STOP dasdas
2026-05-07 20:59:36 | DEBUG-1 ONLINE
2026-05-07 20:59:36 | Si-1 ONLINE
2026-05-07 20:59:36 | Si-2 ONLINE
2026-05-07 20:59:36 | Si-3 ONLINE
2026-05-07 20:59:44 | CMD s01ok
2026-05-07 20:59:45 | DEBUG-1 START ok
2026-05-07 20:59:47 | CMD s02ok
2026-05-07 20:59:48 | Si-1 START ok
2026-05-07 20:59:49 | CMD s03ok
2026-05-07 20:59:52 | CMD s04ok
2026-05-07 20:59:52 | Si-2 START ok
2026-05-07 20:59:54 | Si-3 START ok
2026-05-07 21:04:19 | Si-1 REC FAIL ok
2026-05-07 21:14:46 | DEBUG-1 REC AUTO STOP ok
2026-05-07 21:14:52 | Si-2 REC AUTO STOP ok
2026-05-07 21:14:54 | Si-3 REC AUTO STOP ok
2026-05-07 21:18:10 | DEBUG-1 ONLINE
2026-05-07 21:18:10 | Si-1 ONLINE
2026-05-07 21:18:10 | Si-2 ONLINE
2026-05-07 21:18:10 | Si-3 ONLINE
2026-05-07 21:19:12 | DEBUG-1 ONLINE
2026-05-07 21:19:12 | Si-1 ONLINE
2026-05-07 21:19:12 | Si-2 ONLINE
2026-05-07 21:19:12 | Si-3 ONLINE
2026-05-07 21:22:30 | DEBUG-1 ONLINE
2026-05-07 21:22:30 | Si-1 ONLINE
2026-05-07 21:22:30 | Si-2 ONLINE
2026-05-07 21:22:30 | Si-3 ONLINE
2026-05-07 21:23:47 | CMD s01test nhan vien
2026-05-07 21:23:49 | DEBUG-1 START test nhan vien
2026-05-07 21:23:59 | CMD s01stop
2026-05-07 21:23:59 | DEBUG-1 REC STOP test nhan vien
2026-05-07 21:49:47 | DEBUG-1 ONLINE
2026-05-07 21:49:47 | Si-1 ONLINE
2026-05-07 21:49:47 | Si-2 ONLINE
2026-05-07 21:49:47 | Si-3 ONLINE
2026-05-07 22:22:26 | DEBUG-1 ONLINE
2026-05-07 22:22:26 | Si-1 ONLINE
2026-05-07 22:22:27 | Si-2 ONLINE
2026-05-07 22:22:27 | Si-3 ONLINE
2026-05-07 22:22:48 | Preview DEBUG-1
2026-05-07 22:22:52 | Preview Si-3
2026-05-07 22:22:57 | Preview Si-2
2026-05-07 22:23:20 | CMD s01test
2026-05-07 22:23:22 | Si-1 START test
2026-05-07 22:23:27 | CMD s02tet
2026-05-07 22:23:29 | Si-2 START tet
2026-05-07 22:23:33 | CMD s03test
2026-05-07 22:23:36 | Si-3 START test
2026-05-07 22:23:40 | CMD s04test
2026-05-07 22:24:03 | Si-1 REC FAIL test
2026-05-07 22:24:09 | CMD s01test
2026-05-07 22:24:11 | Si-1 START test
2026-05-07 22:24:36 | Manual stop CAM-2
2026-05-07 22:24:36 | Si-1 REC STOP test
2026-05-07 22:24:38 | Manual stop CAM-3
2026-05-07 22:24:38 | Si-2 REC STOP tet
2026-05-07 22:24:38 | Manual stop CAM-4
2026-05-07 22:24:38 | Si-3 REC STOP test
2026-05-07 22:24:57 | DEBUG-1 ONLINE
2026-05-07 22:24:57 | Si-1 ONLINE
2026-05-07 22:24:57 | Si-2 ONLINE
2026-05-07 22:24:57 | Si-3 ONLINE
2026-05-07 22:25:06 | DEBUG-1 START SPXVN064618446503
2026-05-07 22:25:26 | DEBUG-1 REC STOP SPXVN064618446503
2026-05-07 22:29:45 | DEBUG-1 ONLINE
2026-05-07 22:29:45 | Si-1 ONLINE
2026-05-07 22:29:45 | Si-2 ONLINE
2026-05-07 22:29:45 | Si-3 ONLINE
2026-05-07 22:30:01 | CMD s01test
2026-05-07 22:30:03 | Si-1 START test
2026-05-07 22:32:36 | Si-1 REC STOP test
2026-05-07 22:33:53 | DEBUG-1 ONLINE
2026-05-07 22:33:53 | Si-1 ONLINE
2026-05-07 22:33:53 | Si-2 ONLINE
2026-05-07 22:33:53 | Si-3 ONLINE
2026-05-07 22:33:58 | CMD s01test
2026-05-07 22:34:01 | DEBUG-1 START test
2026-05-07 22:34:02 | CMD s02test
2026-05-07 22:34:04 | Si-1 START test
2026-05-07 22:34:07 | CMD s03test
2026-05-07 22:34:10 | Si-2 START test
2026-05-07 22:34:11 | CMD s04trst
2026-05-07 22:34:13 | Si-3 START trst
2026-05-07 22:35:37 | Si-1 REC FAIL test
2026-05-07 22:37:32 | Preview Si-1
2026-05-07 22:37:39 | Preview DEBUG-1
2026-05-07 22:45:49 | Si-2 REC STOP test
2026-05-07 22:45:49 | DEBUG-1 REC STOP test
2026-05-07 22:45:49 | Si-3 REC STOP trst
2026-05-07 22:46:01 | OpenCV acceleration: OpenCL GPU (Intel(R) Corporation / Intel(R) UHD Graphics 620)
2026-05-07 22:46:01 | DEBUG-1 ONLINE
2026-05-07 22:46:01 | Si-1 ONLINE
2026-05-07 22:46:01 | Si-2 ONLINE
2026-05-07 22:46:01 | Si-3 ONLINE
2026-05-07 22:59:36 | OpenCV acceleration: OpenCL GPU (Intel(R) Corporation / Intel(R) UHD Graphics 620)
2026-05-07 22:59:37 | DEBUG-1 ONLINE
2026-05-07 23:16:56 | OpenCV acceleration: OpenCL GPU (Intel(R) Corporation / Intel(R) UHD Graphics 620)
2026-05-07 23:16:57 | DEBUG-1 ONLINE
2026-05-07 23:19:24 | OpenCV acceleration: OpenCL GPU (Intel(R) Corporation / Intel(R) UHD Graphics 620)
2026-05-07 23:19:25 | DEBUG-1 ONLINE
2026-05-07 23:52:06 | OpenCV acceleration: OpenCL GPU (Intel(R) Corporation / Intel(R) UHD Graphics 620)
2026-05-07 23:52:07 | DEBUG-1 ONLINE
2026-05-07 23:53:33 | OpenCV acceleration: OpenCL GPU (Intel(R) Corporation / Intel(R) UHD Graphics 620)
2026-05-07 23:53:34 | DEBUG ONLINE
2026-05-08 00:05:25 | OpenCV acceleration: OpenCL GPU (Intel(R) Corporation / Intel(R) UHD Graphics 620)
2026-05-08 00:05:26 | DEBUG ONLINE
2026-05-08 00:05:47 | CMD s11tdasdasd
2026-05-08 00:06:02 | CMD s11stop
